d:\école\prog2d3d\minewithoutcraft\minewithoutcraft\debug\vc143.pdb
d:\école\prog2d3d\minewithoutcraft\minewithoutcraft\debug\vc143.idb
d:\école\prog2d3d\minewithoutcraft\minewithoutcraft\debug\transformation.obj
d:\école\prog2d3d\minewithoutcraft\minewithoutcraft\debug\texture.obj
d:\école\prog2d3d\minewithoutcraft\minewithoutcraft\debug\openglcontext.obj
d:\école\prog2d3d\minewithoutcraft\minewithoutcraft\debug\main.obj
d:\école\prog2d3d\minewithoutcraft\minewithoutcraft\debug\engine.obj
d:\école\prog2d3d\minewithoutcraft\minewithoutcraft\debug\chunk.obj
d:\école\prog2d3d\minewithoutcraft\minewithoutcraft\debug\blockinfo.obj
d:\école\prog2d3d\minewithoutcraft\minewithoutcraft\debug\blockarray3d.obj
d:\école\prog2d3d\minewithoutcraft\minewithoutcraft\debug\player.obj
d:\école\prog2d3d\minewithoutcraft\debug\minewithoutcraft.exe
d:\école\prog2d3d\minewithoutcraft\minewithoutcraft\debug\minewithoutcraft.ilk
d:\école\prog2d3d\minewithoutcraft\debug\minewithoutcraft.pdb
d:\école\prog2d3d\minewithoutcraft\minewithoutcraft\debug\minewithoutcraft.tlog\cl.command.1.tlog
d:\école\prog2d3d\minewithoutcraft\minewithoutcraft\debug\minewithoutcraft.tlog\cl.read.1.tlog
d:\école\prog2d3d\minewithoutcraft\minewithoutcraft\debug\minewithoutcraft.tlog\cl.write.1.tlog
d:\école\prog2d3d\minewithoutcraft\minewithoutcraft\debug\minewithoutcraft.tlog\link.command.1.tlog
d:\école\prog2d3d\minewithoutcraft\minewithoutcraft\debug\minewithoutcraft.tlog\link.read.1.tlog
d:\école\prog2d3d\minewithoutcraft\minewithoutcraft\debug\minewithoutcraft.tlog\link.write.1.tlog
